<?xml version="1.0" encoding="UTF-8"?>
<!-- Generated by org.testng.reporters.JUnitReportReporter -->
<testsuite hostname="DESKTOP-QV2KGQ4" failures="0" tests="6" name="tests.TestHomePage" time="11.421" errors="0" timestamp="2024-11-30T17:36:09 IST" skipped="0">
  <testcase classname="tests.TestHomePage" name="verifyLoginPage" time="2.428"/>
  <system-out/>
  <testcase classname="tests.TestHomePage" name="verifySearchFunction" time="2.849"/>
  <system-out/>
  <testcase classname="tests.TestHomePage" name="navigateToWislist" time="1.464"/>
  <system-out/>
  <testcase classname="tests.TestHomePage" name="shoppingCart" time="1.127"/>
  <system-out/>
  <testcase classname="tests.TestHomePage" name="editAccountInformation" time="2.296"/>
  <system-out/>
  <testcase classname="tests.TestHomePage" name="verifyCheckoutPage" time="1.257"/>
  <system-out/>
</testsuite> <!-- tests.TestHomePage -->
