<?xml version="1.0" encoding="UTF-8"?>
<!-- Generated by org.testng.reporters.JUnitReportReporter -->
<testsuite hostname="DESKTOP-QV2KGQ4" failures="0" tests="1" name="tests.ReadDropDowns" time="19.834" errors="0" timestamp="2024-11-30T23:16:47 IST" skipped="0">
  <testcase classname="tests.ReadDropDowns" name="readDropDownValues" time="19.834"/>
  <system-out/>
</testsuite> <!-- tests.ReadDropDowns -->
